<?xml version="1.0" encoding="UTF-8"?>
<!-- Generated by org.testng.reporters.JUnitReportReporter -->
<testsuite hostname="DESKTOP-NRABHQU" failures="0" tests="1" name="com.qa.testLayer.SellingTest" time="20.549" errors="0" timestamp="2022-07-07T10:30:56 IST" skipped="0">
  <testcase classname="com.qa.testLayer.SellingTest" name="verifySellShare" time="20.549"/>
  <system-out/>
</testsuite> <!-- com.qa.testLayer.SellingTest -->
