<?xml version="1.0" encoding="UTF-8"?>
<!-- Generated by org.testng.reporters.JUnitReportReporter -->
<testsuite hostname="DESKTOP-NRABHQU" failures="0" tests="1" name="com.qa.testLayer.TreadingTest" time="30.121" errors="0" timestamp="2022-07-07T10:30:56 IST" skipped="0">
  <testcase classname="com.qa.testLayer.TreadingTest" name="verifyBuyShare" time="30.121"/>
  <system-out/>
</testsuite> <!-- com.qa.testLayer.TreadingTest -->
