<?xml version="1.0" encoding="UTF-8"?>
<!-- Generated by org.testng.reporters.JUnitReportReporter -->
<testsuite hostname="DESKTOP-NRABHQU" failures="0" tests="1" name="com.qa.testBase.TestBase" time="13.894" errors="0" timestamp="2022-07-03T09:43:25 IST" skipped="0">
  <testcase classname="com.qa.testBase.TestBase" name="setUp" time="13.894"/>
  <system-out/>
</testsuite> <!-- com.qa.testBase.TestBase -->
