<?xml version="1.0" encoding="UTF-8"?>
<!-- Generated by org.testng.reporters.JUnitReportReporter -->
<testsuite hostname="DESKTOP-NRABHQU" failures="0" tests="1" name="com.qa.testLayer.LoginLogoutPageTest" time="12.620" errors="0" timestamp="2022-07-07T10:30:56 IST" skipped="0">
  <testcase classname="com.qa.testLayer.LoginLogoutPageTest" name="logout" time="12.620"/>
  <system-out/>
</testsuite> <!-- com.qa.testLayer.LoginLogoutPageTest -->
